Command line invocation:
    /Applications/Xcode.app/Contents/Developer/usr/bin/xcodebuild build -project /Users/alvinleung/Documents/garden/font-manager/FontManager/FontManager.xcodeproj -scheme FontManager -destination id=00006020-001409413EBB401E -resultBundlePath /Users/alvinleung/Documents/garden/font-manager/FontManager/.nvim/xcodebuild/build.xcresult -parallelizeTargets

Writing result bundle at path:
	/Users/alvinleung/Documents/garden/font-manager/FontManager/.nvim/xcodebuild/build.xcresult

--- xcodebuild: WARNING: Using the first of multiple matching destinations:
{ platform:macOS, arch:arm64, id:00006020-001409413EBB401E, name:My Mac }
{ platform:macOS, arch:x86_64, id:00006020-001409413EBB401E, name:My Mac }
ComputePackagePrebuildTargetDependencyGraph

Prepare packages

CreateBuildRequest

SendProjectDescription

CreateBuildOperation

ComputeTargetDependencyGraph
note: Building targets in dependency order
note: Target dependency graph (1 target)
    Target 'FontManager' in project 'FontManager' (no dependencies)

GatherProvisioningInputs

CreateBuildDescription

ClangStatCache /Applications/Xcode.app/Contents/Developer/Toolchains/XcodeDefault.xctoolchain/usr/bin/clang-stat-cache /Applications/Xcode.app/Contents/Developer/Platforms/MacOSX.platform/Developer/SDKs/MacOSX15.4.sdk /Users/alvinleung/Library/Developer/Xcode/DerivedData/SDKStatCaches.noindex/macosx15.4-24E241-88b860576fb364319593bd8fb30666b0.sdkstatcache
    cd /Users/alvinleung/Documents/garden/font-manager/FontManager/FontManager.xcodeproj
    /Applications/Xcode.app/Contents/Developer/Toolchains/XcodeDefault.xctoolchain/usr/bin/clang-stat-cache /Applications/Xcode.app/Contents/Developer/Platforms/MacOSX.platform/Developer/SDKs/MacOSX15.4.sdk -o /Users/alvinleung/Library/Developer/Xcode/DerivedData/SDKStatCaches.noindex/macosx15.4-24E241-88b860576fb364319593bd8fb30666b0.sdkstatcache


Result bundle written to path:
	/Users/alvinleung/Documents/garden/font-manager/FontManager/.nvim/xcodebuild/build.xcresult

** BUILD SUCCEEDED **


